<?xml version="1.0" encoding="UTF-8"?>
<!-- Generated by org.testng.reporters.JUnitReportReporter -->
<testsuite hostname="DESKTOP-D7S4LLD" failures="0" tests="1" name="test_pkg.Testng_tests" time="11.463" errors="0" timestamp="2020-04-09T14:26:04 PKT" skipped="0">
  <testcase classname="test_pkg.Testng_tests" name="testing" time="11.463"/>
  <system-out/>
</testsuite> <!-- test_pkg.Testng_tests -->
