<?xml version="1.0" encoding="UTF-8"?>
<!-- Generated by org.testng.reporters.JUnitReportReporter -->
<testsuite hostname="DESKTOP-D7S4LLD" failures="0" tests="1" name="test_pkg.Testng_tests" time="17.125" errors="0" timestamp="2020-04-09T01:32:20 PKT" skipped="0">
  <testcase classname="test_pkg.Testng_tests" name="testing" time="17.125"/>
  <system-out/>
</testsuite> <!-- test_pkg.Testng_tests -->
